E:\dev\SportsStore\dist\out-tsc\app\models\supplier.model.js
E:\dev\SportsStore\dist\out-tsc\app\models\supplier.model.js.map
E:\dev\SportsStore\dist\out-tsc\app\models\rating.model.js
E:\dev\SportsStore\dist\out-tsc\app\models\rating.model.js.map
E:\dev\SportsStore\dist\out-tsc\app\models\product.model.js
E:\dev\SportsStore\dist\out-tsc\app\models\product.model.js.map
E:\dev\SportsStore\dist\out-tsc\app\models\repository.js
E:\dev\SportsStore\dist\out-tsc\app\models\repository.js.map
E:\dev\SportsStore\dist\out-tsc\app\app.component.js
E:\dev\SportsStore\dist\out-tsc\app\app.component.js.map
E:\dev\SportsStore\dist\out-tsc\app\models\model.module.js
E:\dev\SportsStore\dist\out-tsc\app\models\model.module.js.map
E:\dev\SportsStore\dist\out-tsc\app\app.module.js
E:\dev\SportsStore\dist\out-tsc\app\app.module.js.map
E:\dev\SportsStore\dist\out-tsc\boot.js
E:\dev\SportsStore\dist\out-tsc\boot.js.map
E:\dev\SportsStore\dist\out-tsc\environments\environment.js
E:\dev\SportsStore\dist\out-tsc\environments\environment.js.map
E:\dev\SportsStore\dist\out-tsc\main.js
E:\dev\SportsStore\dist\out-tsc\main.js.map
E:\dev\SportsStore\dist\out-tsc\polyfills.js
E:\dev\SportsStore\dist\out-tsc\polyfills.js.map
E:\dev\SportsStore\dist\out-tsc\test.js
E:\dev\SportsStore\dist\out-tsc\test.js.map
E:\dev\SportsStore\dist\out-tsc\environments\environment.prod.js
E:\dev\SportsStore\dist\out-tsc\environments\environment.prod.js.map
